[03:43:52] [ServerMain/INFO]: Environment: authHost='https://authserver.mojang.com', accountsHost='https://api.mojang.com', sessionHost='https://sessionserver.mojang.com', servicesHost='https://api.minecraftservices.com', name='PROD'
[03:43:53] [ServerMain/INFO]: Loaded 7 recipes
[03:43:54] [Server thread/INFO]: Starting minecraft server version 1.20.1
[03:43:54] [Server thread/INFO]: Loading properties
[03:43:54] [Server thread/INFO]: This server is running Paper version git-Paper-196 (MC: 1.20.1) (Implementing API version 1.20.1-R0.1-SNAPSHOT) (Git: 773dd72)
[03:43:54] [Server thread/INFO]: Server Ping Player Sample Count: 12
[03:43:54] [Server thread/INFO]: Using 4 threads for Netty based IO
[03:43:55] [Server thread/WARN]: [!] The timings profiler has been enabled but has been scheduled for removal from Paper in the future.
    We recommend installing the spark profiler as a replacement: https://spark.lucko.me/
    For more information please visit: https://github.com/PaperMC/Paper/issues/8948
[03:43:55] [Server thread/INFO]: [ChunkTaskScheduler] Chunk system is using 1 I/O threads, 1 worker threads, and gen parallelism of 1 threads
[03:43:55] [Server thread/INFO]: Default game type: SURVIVAL
[03:43:55] [Server thread/INFO]: Generating keypair
[03:43:55] [Server thread/INFO]: Starting Minecraft server on *:25565
[03:43:55] [Server thread/INFO]: Using epoll channel type
[03:43:55] [Server thread/INFO]: Paper: Using libdeflate (Linux x86_64) compression from Velocity.
[03:43:55] [Server thread/INFO]: Paper: Using OpenSSL 3.0.x (Linux x86_64) cipher from Velocity.
[03:43:55] [Server thread/INFO]: Server permissions file permissions.yml is empty, ignoring it
[03:43:55] [Server thread/WARN]: **** SERVER IS RUNNING IN OFFLINE/INSECURE MODE!
[03:43:55] [Server thread/WARN]: The server will make no attempt to authenticate usernames. Beware.
[03:43:55] [Server thread/WARN]: While this makes the game possible to play without internet access, it also opens up the ability for hackers to connect with any username they choose.
[03:43:55] [Server thread/WARN]: To change this, set "online-mode" to "true" in the server.properties file.
[03:43:55] [Server thread/INFO]: Preparing level "world"
[03:43:56] [Server thread/INFO]: Preparing start region for dimension minecraft:overworld
[03:43:56] [Server thread/INFO]: Time elapsed: 307 ms
[03:43:56] [Server thread/INFO]: Preparing start region for dimension minecraft:the_nether
[03:43:56] [Server thread/INFO]: Time elapsed: 87 ms
[03:43:56] [Server thread/INFO]: Preparing start region for dimension minecraft:the_end
[03:43:56] [Server thread/INFO]: Time elapsed: 58 ms
[03:43:56] [Server thread/INFO]: Running delayed init tasks
[03:43:56] [Server thread/INFO]: Done (2.418s)! For help, type "help"
[03:43:56] [Server thread/INFO]: Timings Reset
[03:44:47] [User Authenticator #0/INFO]: UUID of player FireBlue007 is 518f017c-9e5b-3b12-91d4-3c660d8586e7
[03:44:47] [Server thread/INFO]: FireBlue007 joined the game
[03:44:47] [Server thread/INFO]: FireBlue007[/127.74.145.117:34509] logged in with entity id 79 at ([world]24.5, 71.0, 70.5)
[03:45:21] [Server thread/INFO]: FireBlue007 lost connection: Disconnected
[03:45:21] [Server thread/INFO]: FireBlue007 left the game
[03:46:41] [User Authenticator #1/INFO]: UUID of player FireBlue007 is 518f017c-9e5b-3b12-91d4-3c660d8586e7
[03:46:41] [Server thread/INFO]: FireBlue007 joined the game
[03:46:41] [Server thread/INFO]: FireBlue007[/127.74.145.117:50267] logged in with entity id 273 at ([world]28.90536073190738, 70.0, 75.07438877988263)
[03:47:01] [Server thread/INFO]: FireBlue007 lost connection: Disconnected
[03:47:01] [Server thread/INFO]: FireBlue007 left the game
